<?xml version="1.0" encoding="UTF-8"?>
<coverage generated="1592692476335" clover="3.2.0">
  <project timestamp="1592692476335" name="All files">
    <metrics statements="25" coveredstatements="23" conditionals="10" coveredconditionals="8" methods="2" coveredmethods="2" elements="37" coveredelements="33" complexity="0" loc="25" ncloc="25" packages="1" files="1" classes="1"/>
    <file name="validator.js" path="C:\Users\Paula Frías\Desktop\card valid\SCL014-card-validation\src\validator.js">
      <metrics statements="25" coveredstatements="23" conditionals="10" coveredconditionals="8" methods="2" coveredmethods="2"/>
      <line num="1" count="1" type="stmt"/>
      <line num="5" count="2" type="stmt"/>
      <line num="6" count="2" type="stmt"/>
      <line num="7" count="2" type="cond" truecount="1" falsecount="1"/>
      <line num="8" count="0" type="stmt"/>
      <line num="11" count="2" type="stmt"/>
      <line num="12" count="2" type="stmt"/>
      <line num="14" count="2" type="stmt"/>
      <line num="18" count="2" type="stmt"/>
      <line num="19" count="34" type="stmt"/>
      <line num="20" count="34" type="stmt"/>
      <line num="21" count="34" type="cond" truecount="2" falsecount="0"/>
      <line num="22" count="16" type="stmt"/>
      <line num="24" count="34" type="cond" truecount="2" falsecount="0"/>
      <line num="25" count="5" type="stmt"/>
      <line num="27" count="34" type="stmt"/>
      <line num="32" count="2" type="stmt"/>
      <line num="34" count="2" type="cond" truecount="1" falsecount="1"/>
      <line num="40" count="0" type="stmt"/>
      <line num="44" count="2" type="stmt"/>
      <line num="54" count="4" type="cond" truecount="2" falsecount="0"/>
      <line num="55" count="2" type="stmt"/>
      <line num="56" count="2" type="stmt"/>
      <line num="57" count="2" type="stmt"/>
      <line num="58" count="2" type="stmt"/>
    </file>
  </project>
</coverage>