{"C:\\Users\\Emisi\\Documents\\SCL014-card-validation\\src\\validator.js": {"path":"C:\\Users\\Emisi\\Documents\\SCL014-card-validation\\src\\validator.js","statementMap":{"0":{"start":{"line":1,"column":18},"end":{"line":61,"column":3}},"1":{"start":{"line":5,"column":22},"end":{"line":5,"column":59}},"2":{"start":{"line":6,"column":4},"end":{"line":6,"column":40}},"3":{"start":{"line":7,"column":4},"end":{"line":9,"column":6}},"4":{"start":{"line":8,"column":6},"end":{"line":8,"column":46}},"5":{"start":{"line":11,"column":6},"end":{"line":11,"column":18}},"6":{"start":{"line":12,"column":6},"end":{"line":12,"column":14}},"7":{"start":{"line":14,"column":6},"end":{"line":14,"column":51}},"8":{"start":{"line":18,"column":9},"end":{"line":28,"column":10}},"9":{"start":{"line":19,"column":11},"end":{"line":19,"column":30}},"10":{"start":{"line":20,"column":11},"end":{"line":20,"column":39}},"11":{"start":{"line":21,"column":11},"end":{"line":23,"column":12}},"12":{"start":{"line":22,"column":13},"end":{"line":22,"column":24}},"13":{"start":{"line":24,"column":11},"end":{"line":26,"column":12}},"14":{"start":{"line":25,"column":13},"end":{"line":25,"column":24}},"15":{"start":{"line":27,"column":11},"end":{"line":27,"column":24}},"16":{"start":{"line":32,"column":30},"end":{"line":32,"column":57}},"17":{"start":{"line":34,"column":8},"end":{"line":46,"column":9}},"18":{"start":{"line":40,"column":11},"end":{"line":40,"column":23}},"19":{"start":{"line":44,"column":12},"end":{"line":44,"column":25}},"20":{"start":{"line":54,"column":4},"end":{"line":54,"column":49}},"21":{"start":{"line":54,"column":31},"end":{"line":54,"column":49}},"22":{"start":{"line":55,"column":28},"end":{"line":55,"column":49}},"23":{"start":{"line":56,"column":27},"end":{"line":56,"column":50}},"24":{"start":{"line":57,"column":30},"end":{"line":57,"column":93}},"25":{"start":{"line":58,"column":4},"end":{"line":58,"column":69}}},"fnMap":{"0":{"name":"(anonymous_0)","decl":{"start":{"line":3,"column":10},"end":{"line":3,"column":11}},"loc":{"start":{"line":3,"column":24},"end":{"line":50,"column":8}},"line":3},"1":{"name":"(anonymous_1)","decl":{"start":{"line":53,"column":10},"end":{"line":53,"column":11}},"loc":{"start":{"line":53,"column":26},"end":{"line":59,"column":3}},"line":53}},"branchMap":{"0":{"loc":{"start":{"line":7,"column":4},"end":{"line":9,"column":6}},"type":"if","locations":[{"start":{"line":7,"column":4},"end":{"line":9,"column":6}},{"start":{"line":7,"column":4},"end":{"line":9,"column":6}}],"line":7},"1":{"loc":{"start":{"line":21,"column":11},"end":{"line":23,"column":12}},"type":"if","locations":[{"start":{"line":21,"column":11},"end":{"line":23,"column":12}},{"start":{"line":21,"column":11},"end":{"line":23,"column":12}}],"line":21},"2":{"loc":{"start":{"line":24,"column":11},"end":{"line":26,"column":12}},"type":"if","locations":[{"start":{"line":24,"column":11},"end":{"line":26,"column":12}},{"start":{"line":24,"column":11},"end":{"line":26,"column":12}}],"line":24},"3":{"loc":{"start":{"line":34,"column":8},"end":{"line":46,"column":9}},"type":"if","locations":[{"start":{"line":34,"column":8},"end":{"line":46,"column":9}},{"start":{"line":34,"column":8},"end":{"line":46,"column":9}}],"line":34},"4":{"loc":{"start":{"line":54,"column":4},"end":{"line":54,"column":49}},"type":"if","locations":[{"start":{"line":54,"column":4},"end":{"line":54,"column":49}},{"start":{"line":54,"column":4},"end":{"line":54,"column":49}}],"line":54}},"s":{"0":1,"1":2,"2":2,"3":2,"4":0,"5":2,"6":2,"7":2,"8":2,"9":26,"10":26,"11":26,"12":12,"13":26,"14":7,"15":26,"16":2,"17":2,"18":1,"19":1,"20":2,"21":1,"22":1,"23":1,"24":1,"25":1},"f":{"0":2,"1":2},"b":{"0":[0,2],"1":[12,14],"2":[7,19],"3":[1,1],"4":[1,1]},"_coverageSchema":"43e27e138ebf9cfc5966b082cf9a028302ed4184","hash":"178bc8834d4cae9cba9900b856bed1452c188099"}
}
