{"C:\\Users\\Emisi\\Documents\\SCL014-card-validation\\src\\validator.js": {"path":"C:\\Users\\Emisi\\Documents\\SCL014-card-validation\\src\\validator.js","statementMap":{"0":{"start":{"line":1,"column":18},"end":{"line":61,"column":1}},"1":{"start":{"line":4,"column":21},"end":{"line":4,"column":64}},"2":{"start":{"line":5,"column":4},"end":{"line":5,"column":40}},"3":{"start":{"line":6,"column":4},"end":{"line":8,"column":6}},"4":{"start":{"line":7,"column":6},"end":{"line":7,"column":46}},"5":{"start":{"line":10,"column":6},"end":{"line":10,"column":18}},"6":{"start":{"line":11,"column":6},"end":{"line":11,"column":14}},"7":{"start":{"line":13,"column":6},"end":{"line":13,"column":51}},"8":{"start":{"line":17,"column":9},"end":{"line":27,"column":10}},"9":{"start":{"line":18,"column":11},"end":{"line":18,"column":30}},"10":{"start":{"line":19,"column":11},"end":{"line":19,"column":39}},"11":{"start":{"line":20,"column":11},"end":{"line":22,"column":12}},"12":{"start":{"line":21,"column":13},"end":{"line":21,"column":24}},"13":{"start":{"line":23,"column":11},"end":{"line":25,"column":12}},"14":{"start":{"line":24,"column":13},"end":{"line":24,"column":24}},"15":{"start":{"line":26,"column":11},"end":{"line":26,"column":24}},"16":{"start":{"line":31,"column":30},"end":{"line":31,"column":57}},"17":{"start":{"line":33,"column":8},"end":{"line":45,"column":9}},"18":{"start":{"line":39,"column":11},"end":{"line":39,"column":23}},"19":{"start":{"line":43,"column":12},"end":{"line":43,"column":25}},"20":{"start":{"line":53,"column":4},"end":{"line":53,"column":49}},"21":{"start":{"line":53,"column":31},"end":{"line":53,"column":49}},"22":{"start":{"line":54,"column":28},"end":{"line":54,"column":49}},"23":{"start":{"line":55,"column":27},"end":{"line":55,"column":50}},"24":{"start":{"line":56,"column":30},"end":{"line":56,"column":93}},"25":{"start":{"line":57,"column":4},"end":{"line":57,"column":69}}},"fnMap":{"0":{"name":"(anonymous_0)","decl":{"start":{"line":3,"column":10},"end":{"line":3,"column":11}},"loc":{"start":{"line":3,"column":24},"end":{"line":49,"column":8}},"line":3},"1":{"name":"(anonymous_1)","decl":{"start":{"line":52,"column":10},"end":{"line":52,"column":11}},"loc":{"start":{"line":52,"column":26},"end":{"line":58,"column":3}},"line":52}},"branchMap":{"0":{"loc":{"start":{"line":6,"column":4},"end":{"line":8,"column":6}},"type":"if","locations":[{"start":{"line":6,"column":4},"end":{"line":8,"column":6}},{"start":{"line":6,"column":4},"end":{"line":8,"column":6}}],"line":6},"1":{"loc":{"start":{"line":20,"column":11},"end":{"line":22,"column":12}},"type":"if","locations":[{"start":{"line":20,"column":11},"end":{"line":22,"column":12}},{"start":{"line":20,"column":11},"end":{"line":22,"column":12}}],"line":20},"2":{"loc":{"start":{"line":23,"column":11},"end":{"line":25,"column":12}},"type":"if","locations":[{"start":{"line":23,"column":11},"end":{"line":25,"column":12}},{"start":{"line":23,"column":11},"end":{"line":25,"column":12}}],"line":23},"3":{"loc":{"start":{"line":33,"column":8},"end":{"line":45,"column":9}},"type":"if","locations":[{"start":{"line":33,"column":8},"end":{"line":45,"column":9}},{"start":{"line":33,"column":8},"end":{"line":45,"column":9}}],"line":33},"4":{"loc":{"start":{"line":53,"column":4},"end":{"line":53,"column":49}},"type":"if","locations":[{"start":{"line":53,"column":4},"end":{"line":53,"column":49}},{"start":{"line":53,"column":4},"end":{"line":53,"column":49}}],"line":53}},"s":{"0":1,"1":0,"2":0,"3":0,"4":0,"5":0,"6":0,"7":0,"8":0,"9":0,"10":0,"11":0,"12":0,"13":0,"14":0,"15":0,"16":0,"17":0,"18":0,"19":0,"20":0,"21":0,"22":0,"23":0,"24":0,"25":0},"f":{"0":0,"1":0},"b":{"0":[0,0],"1":[0,0],"2":[0,0],"3":[0,0],"4":[0,0]},"_coverageSchema":"43e27e138ebf9cfc5966b082cf9a028302ed4184","hash":"9002733fed8d4ab3e42e5d5c42fb0a77a030b5a9"}
}
