TN:
SF:C:\Users\Paula Frías\Desktop\card valid\SCL014-card-validation\src\validator.js
FN:3,(anonymous_0)
FN:53,(anonymous_1)
FNF:2
FNH:2
FNDA:2,(anonymous_0)
FNDA:4,(anonymous_1)
DA:1,1
DA:5,2
DA:6,2
DA:7,2
DA:8,0
DA:11,2
DA:12,2
DA:14,2
DA:18,2
DA:19,34
DA:20,34
DA:21,34
DA:22,16
DA:24,34
DA:25,5
DA:27,34
DA:32,2
DA:34,2
DA:40,0
DA:44,2
DA:54,4
DA:55,2
DA:56,2
DA:57,2
DA:58,2
LF:25
LH:23
BRDA:7,0,0,0
BRDA:7,0,1,2
BRDA:21,1,0,16
BRDA:21,1,1,18
BRDA:24,2,0,5
BRDA:24,2,1,29
BRDA:34,3,0,0
BRDA:34,3,1,2
BRDA:54,4,0,2
BRDA:54,4,1,2
BRF:10
BRH:8
end_of_record
