TN:
SF:C:\Users\Emisi\Documents\SCL014-card-validation\src\validator.js
FN:3,(anonymous_0)
FN:53,(anonymous_1)
FNF:2
FNH:2
FNDA:2,(anonymous_0)
FNDA:2,(anonymous_1)
DA:1,1
DA:5,2
DA:6,2
DA:7,2
DA:8,0
DA:11,2
DA:12,2
DA:14,2
DA:18,2
DA:19,26
DA:20,26
DA:21,26
DA:22,12
DA:24,26
DA:25,7
DA:27,26
DA:32,2
DA:34,2
DA:40,1
DA:44,1
DA:54,2
DA:55,1
DA:56,1
DA:57,1
DA:58,1
LF:25
LH:24
BRDA:7,0,0,0
BRDA:7,0,1,2
BRDA:21,1,0,12
BRDA:21,1,1,14
BRDA:24,2,0,7
BRDA:24,2,1,19
BRDA:34,3,0,1
BRDA:34,3,1,1
BRDA:54,4,0,1
BRDA:54,4,1,1
BRF:10
BRH:9
end_of_record
